<?xml version="1.0" encoding="UTF-8"?>
<!-- Generated by org.testng.reporters.JUnitReportReporter -->
<testsuite hostname="DESKTOP-I0P8KJA" failures="0" tests="1" name="seleniumexample.SeleniumExample" time="16.417" errors="0" timestamp="2021-09-21T18:53:55 IST" skipped="0">
  <testcase classname="seleniumexample.SeleniumExample" name="testhelloworld2" time="16.417"/>
  <system-out/>
</testsuite> <!-- seleniumexample.SeleniumExample -->
